
asm85,  version 1.0f
(c) 2010, M. D. Wagh

                    ORG 100H
                    BOOT EQU 0
                    BDOS EQU 5
0100   310000       LXI SP, SP0
0103   0E09         MVI C, 9; C value for printing long messages using BDOS
0105   112A01       LXI D, MSG1; loads starting address of massage 1 into <DE>
0108   CD0500       CALL BDOS
010B   0E01         MVI C, 1
010D   CD0500       CALL BDOS;
0110   47           MOV B, A; B has first number
0111   CD0500       CALL BDOS; A has second number
0114   82           ADD D
0115   D630         SUI '0'; remove second ASCII zero because it actually has a value in hex
0117   1E0A         MVI E, 0AH
0119   0E02         MVI C, 2
011B   CD0500       CALL BDOS
011E   1E00         MVI E, ODH
0120   CD0500       CALL BDOS
0123   5F           MOV E, A
0124   CD0500       CALL BDOS
0127   C30000       JMP BOOT
012A   54797065     MSG1: DB 'Type two numbers', 0AH, 0DH, '$'
       2074776F  
       206E756D  
       62657273  
       0A0D24    
                    DS 4
                    SP EQU $
                    END


      Symbol Table
bdos         0005 (5)
boot         0000 (0)
msg1         012A (298)
odh          0000 (0)
sp           0141 (321)
sp0          0000 (0)

The file 9-30-15(2).asm has no syntax errors
